# JRE version: OpenJDK Runtime Environment JBR-11.0.12.7-1504.28-jcef (11.0.12+7) (build 11.0.12+7-b1504.28)
# Java VM: OpenJDK 64-Bit Server VM JBR-11.0.12.7-1504.28-jcef (11.0.12+7-b1504.28, mixed mode, tiered, compressed oops, g1 gc, windows-amd64)
Heap:
 garbage-first heap   total 98304K, used 38842K [0x00000000a0000000, 0x0000000100000000)
  region size 1024K, 32 young (32768K), 2 survivors (2048K)
 Metaspace       used 19708K, capacity 20241K, committed 20352K, reserved 1069056K
  class space    used 2138K, capacity 2367K, committed 2432K, reserved 1048576K
GC Heap History (8 events):
Event: 1.865 GC heap before
{Heap before GC invocations=0 (full 0):
 garbage-first heap   total 98304K, used 14336K [0x00000000a0000000, 0x0000000100000000)
  region size 1024K, 14 young (14336K), 0 survivors (0K)
 Metaspace       used 9304K, capacity 9449K, committed 9600K, reserved 1058816K
  class space    used 830K, capacity 872K, committed 896K, reserved 1048576K
}
Event: 1.874 GC heap after
{Heap after GC invocations=1 (full 0):
 garbage-first heap   total 98304K, used 7871K [0x00000000a0000000, 0x0000000100000000)
  region size 1024K, 2 young (2048K), 2 survivors (2048K)
 Metaspace       used 9304K, capacity 9449K, committed 9600K, reserved 1058816K
  class space    used 830K, capacity 872K, committed 896K, reserved 1048576K
}
Event: 2.261 GC heap before
{Heap before GC invocations=1 (full 0):
 garbage-first heap   total 98304K, used 15039K [0x00000000a0000000, 0x0000000100000000)
  region size 1024K, 10 young (10240K), 2 survivors (2048K)
 Metaspace       used 10941K, capacity 11123K, committed 11392K, reserved 1058816K
  class space    used 1033K, capacity 1093K, committed 1152K, reserved 1048576K
}
Event: 2.265 GC heap after
{Heap after GC invocations=2 (full 0):
 garbage-first heap   total 98304K, used 8683K [0x00000000a0000000, 0x0000000100000000)
  region size 1024K, 1 young (1024K), 1 survivors (1024K)
 Metaspace       used 10941K, capacity 11123K, committed 11392K, reserved 1058816K
  class space    used 1033K, capacity 1093K, committed 1152K, reserved 1048576K
}
Event: 2.556 GC heap before
{Heap before GC invocations=2 (full 0):
 garbage-first heap   total 98304K, used 30187K [0x00000000a0000000, 0x0000000100000000)
  region size 1024K, 23 young (23552K), 1 survivors (1024K)
 Metaspace       used 12002K, capacity 12281K, committed 12544K, reserved 1060864K
  class space    used 1157K, capacity 1225K, committed 1280K, reserved 1048576K
}
Event: 2.558 GC heap after
{Heap after GC invocations=3 (full 0):
 garbage-first heap   total 98304K, used 8947K [0x00000000a0000000, 0x0000000100000000)
  region size 1024K, 1 young (1024K), 1 survivors (1024K)
 Metaspace       used 12002K, capacity 12281K, committed 12544K, reserved 1060864K
  class space    used 1157K, capacity 1225K, committed 1280K, reserved 1048576K
}
Event: 2.922 GC heap before
{Heap before GC invocations=3 (full 0):
 garbage-first heap   total 98304K, used 41715K [0x00000000a0000000, 0x0000000100000000)
  region size 1024K, 34 young (34816K), 1 survivors (1024K)
 Metaspace       used 13475K, capacity 13796K, committed 14080K, reserved 1062912K
  class space    used 1346K, capacity 1460K, committed 1536K, reserved 1048576K
}
Event: 2.925 GC heap after
{Heap after GC invocations=4 (full 0):
 garbage-first heap   total 98304K, used 9146K [0x00000000a0000000, 0x0000000100000000)
  region size 1024K, 2 young (2048K), 2 survivors (2048K)
 Metaspace       used 13475K, capacity 13796K, committed 14080K, reserved 1062912K
  class space    used 1346K, capacity 1460K, committed 1536K, reserved 1048576K
}

