# JRE version: OpenJDK Runtime Environment JBR-11.0.12.7-1504.28-jcef (11.0.12+7) (build 11.0.12+7-b1504.28)
# Java VM: OpenJDK 64-Bit Server VM JBR-11.0.12.7-1504.28-jcef (11.0.12+7-b1504.28, mixed mode, tiered, compressed oops, g1 gc, windows-amd64)
Heap:
 garbage-first heap   total 134144K, used 34172K [0x00000000a0000000, 0x0000000100000000)
  region size 1024K, 18 young (18432K), 7 survivors (7168K)
 Metaspace       used 59414K, capacity 60875K, committed 61004K, reserved 1101824K
  class space    used 7494K, capacity 8061K, committed 8064K, reserved 1048576K
GC Heap History (20 events):
Event: 2.074 GC heap before
{Heap before GC invocations=3 (full 0):
 garbage-first heap   total 98304K, used 40870K [0x00000000a0000000, 0x0000000100000000)
  region size 1024K, 33 young (33792K), 1 survivors (1024K)
 Metaspace       used 12400K, capacity 12663K, committed 12800K, reserved 1060864K
  class space    used 1199K, capacity 1269K, committed 1280K, reserved 1048576K
}
Event: 2.123 GC heap after
{Heap after GC invocations=4 (full 0):
 garbage-first heap   total 98304K, used 9145K [0x00000000a0000000, 0x0000000100000000)
  region size 1024K, 1 young (1024K), 1 survivors (1024K)
 Metaspace       used 12400K, capacity 12663K, committed 12800K, reserved 1060864K
  class space    used 1199K, capacity 1269K, committed 1280K, reserved 1048576K
}
Event: 3.712 GC heap before
{Heap before GC invocations=4 (full 0):
 garbage-first heap   total 98304K, used 43961K [0x00000000a0000000, 0x0000000100000000)
  region size 1024K, 37 young (37888K), 1 survivors (1024K)
 Metaspace       used 20540K, capacity 21093K, committed 21248K, reserved 1069056K
  class space    used 2229K, capacity 2438K, committed 2560K, reserved 1048576K
}
Event: 3.718 GC heap after
{Heap after GC invocations=5 (full 0):
 garbage-first heap   total 98304K, used 11063K [0x00000000a0000000, 0x0000000100000000)
  region size 1024K, 3 young (3072K), 3 survivors (3072K)
 Metaspace       used 20540K, capacity 21093K, committed 21248K, reserved 1069056K
  class space    used 2229K, capacity 2438K, committed 2560K, reserved 1048576K
}
Event: 4.387 GC heap before
{Heap before GC invocations=6 (full 0):
 garbage-first heap   total 98304K, used 53047K [0x00000000a0000000, 0x0000000100000000)
  region size 1024K, 45 young (46080K), 3 survivors (3072K)
 Metaspace       used 25107K, capacity 25749K, committed 25984K, reserved 1073152K
  class space    used 2826K, capacity 3097K, committed 3200K, reserved 1048576K
}
Event: 4.396 GC heap after
{Heap after GC invocations=7 (full 0):
 garbage-first heap   total 98304K, used 12144K [0x00000000a0000000, 0x0000000100000000)
  region size 1024K, 4 young (4096K), 4 survivors (4096K)
 Metaspace       used 25107K, capacity 25749K, committed 25984K, reserved 1073152K
  class space    used 2826K, capacity 3097K, committed 3200K, reserved 1048576K
}
Event: 5.013 GC heap before
{Heap before GC invocations=7 (full 0):
 garbage-first heap   total 98304K, used 58224K [0x00000000a0000000, 0x0000000100000000)
  region size 1024K, 50 young (51200K), 4 survivors (4096K)
 Metaspace       used 26635K, capacity 27309K, committed 27392K, reserved 1073152K
  class space    used 2978K, capacity 3272K, committed 3328K, reserved 1048576K
}
Event: 5.020 GC heap after
{Heap after GC invocations=8 (full 0):
 garbage-first heap   total 98304K, used 13279K [0x00000000a0000000, 0x0000000100000000)
  region size 1024K, 5 young (5120K), 5 survivors (5120K)
 Metaspace       used 26635K, capacity 27309K, committed 27392K, reserved 1073152K
  class space    used 2978K, capacity 3272K, committed 3328K, reserved 1048576K
}
Event: 6.416 GC heap before
{Heap before GC invocations=8 (full 0):
 garbage-first heap   total 98304K, used 66527K [0x00000000a0000000, 0x0000000100000000)
  region size 1024K, 57 young (58368K), 5 survivors (5120K)
 Metaspace       used 31852K, capacity 32844K, committed 33024K, reserved 1079296K
  class space    used 3701K, capacity 4075K, committed 4096K, reserved 1048576K
}
Event: 6.426 GC heap after
{Heap after GC invocations=9 (full 0):
 garbage-first heap   total 134144K, used 15570K [0x00000000a0000000, 0x0000000100000000)
  region size 1024K, 7 young (7168K), 7 survivors (7168K)
 Metaspace       used 31852K, capacity 32844K, committed 33024K, reserved 1079296K
  class space    used 3701K, capacity 4075K, committed 4096K, reserved 1048576K
}
Event: 7.105 GC heap before
{Heap before GC invocations=9 (full 0):
 garbage-first heap   total 134144K, used 30930K [0x00000000a0000000, 0x0000000100000000)
  region size 1024K, 23 young (23552K), 7 survivors (7168K)
 Metaspace       used 34661K, capacity 35725K, committed 35840K, reserved 1081344K
  class space    used 4067K, capacity 4502K, committed 4608K, reserved 1048576K
}
Event: 7.166 GC heap after
{Heap after GC invocations=10 (full 0):
 garbage-first heap   total 134144K, used 16862K [0x00000000a0000000, 0x0000000100000000)
  region size 1024K, 6 young (6144K), 6 survivors (6144K)
 Metaspace       used 34661K, capacity 35725K, committed 35840K, reserved 1081344K
  class space    used 4067K, capacity 4502K, committed 4608K, reserved 1048576K
}
Event: 7.621 GC heap before
{Heap before GC invocations=11 (full 0):
 garbage-first heap   total 134144K, used 85470K [0x00000000a0000000, 0x0000000100000000)
  region size 1024K, 74 young (75776K), 6 survivors (6144K)
 Metaspace       used 35899K, capacity 36976K, committed 37120K, reserved 1081344K
  class space    used 4193K, capacity 4579K, committed 4608K, reserved 1048576K
}
Event: 7.629 GC heap after
{Heap after GC invocations=12 (full 0):
 garbage-first heap   total 134144K, used 17840K [0x00000000a0000000, 0x0000000100000000)
  region size 1024K, 6 young (6144K), 6 survivors (6144K)
 Metaspace       used 35899K, capacity 36976K, committed 37120K, reserved 1081344K
  class space    used 4193K, capacity 4579K, committed 4608K, reserved 1048576K
}
Event: 8.741 GC heap before
{Heap before GC invocations=12 (full 0):
 garbage-first heap   total 134144K, used 90544K [0x00000000a0000000, 0x0000000100000000)
  region size 1024K, 78 young (79872K), 6 survivors (6144K)
 Metaspace       used 41920K, capacity 43086K, committed 43392K, reserved 1087488K
  class space    used 4905K, capacity 5377K, committed 5504K, reserved 1048576K
}
Event: 8.748 GC heap after
{Heap after GC invocations=13 (full 0):
 garbage-first heap   total 134144K, used 19939K [0x00000000a0000000, 0x0000000100000000)
  region size 1024K, 7 young (7168K), 7 survivors (7168K)
 Metaspace       used 41920K, capacity 43086K, committed 43392K, reserved 1087488K
  class space    used 4905K, capacity 5377K, committed 5504K, reserved 1048576K
}
Event: 10.369 GC heap before
{Heap before GC invocations=13 (full 0):
 garbage-first heap   total 134144K, used 92643K [0x00000000a0000000, 0x0000000100000000)
  region size 1024K, 78 young (79872K), 7 survivors (7168K)
 Metaspace       used 51269K, capacity 52487K, committed 52608K, reserved 1095680K
  class space    used 6254K, capacity 6759K, committed 6784K, reserved 1048576K
}
Event: 10.377 GC heap after
{Heap after GC invocations=14 (full 0):
 garbage-first heap   total 134144K, used 21784K [0x00000000a0000000, 0x0000000100000000)
  region size 1024K, 7 young (7168K), 7 survivors (7168K)
 Metaspace       used 51269K, capacity 52487K, committed 52608K, reserved 1095680K
  class space    used 6254K, capacity 6759K, committed 6784K, reserved 1048576K
}
Event: 11.931 GC heap before
{Heap before GC invocations=14 (full 0):
 garbage-first heap   total 134144K, used 83224K [0x00000000a0000000, 0x0000000100000000)
  region size 1024K, 68 young (69632K), 7 survivors (7168K)
 Metaspace       used 58657K, capacity 60040K, committed 60160K, reserved 1101824K
  class space    used 7354K, capacity 7910K, committed 7936K, reserved 1048576K
}
Event: 11.941 GC heap after
{Heap after GC invocations=15 (full 0):
 garbage-first heap   total 134144K, used 23932K [0x00000000a0000000, 0x0000000100000000)
  region size 1024K, 7 young (7168K), 7 survivors (7168K)
 Metaspace       used 58657K, capacity 60040K, committed 60160K, reserved 1101824K
  class space    used 7354K, capacity 7910K, committed 7936K, reserved 1048576K
}

