# JRE version: OpenJDK Runtime Environment JBR-11.0.12.7-1504.28-jcef (11.0.12+7) (build 11.0.12+7-b1504.28)
# Java VM: OpenJDK 64-Bit Server VM JBR-11.0.12.7-1504.28-jcef (11.0.12+7-b1504.28, mixed mode, tiered, compressed oops, g1 gc, windows-amd64)
Heap:
 garbage-first heap   total 147456K, used 34314K [0x00000000a0000000, 0x0000000100000000)
  region size 1024K, 24 young (24576K), 4 survivors (4096K)
 Metaspace       used 33882K, capacity 34973K, committed 35200K, reserved 1079296K
  class space    used 3988K, capacity 4402K, committed 4480K, reserved 1048576K
GC Heap History (18 events):
Event: 1.251 GC heap before
{Heap before GC invocations=0 (full 0):
 garbage-first heap   total 98304K, used 14336K [0x00000000a0000000, 0x0000000100000000)
  region size 1024K, 14 young (14336K), 0 survivors (0K)
 Metaspace       used 9168K, capacity 9221K, committed 9344K, reserved 1058816K
  class space    used 817K, capacity 840K, committed 896K, reserved 1048576K
}
Event: 1.260 GC heap after
{Heap after GC invocations=1 (full 0):
 garbage-first heap   total 98304K, used 8002K [0x00000000a0000000, 0x0000000100000000)
  region size 1024K, 2 young (2048K), 2 survivors (2048K)
 Metaspace       used 9168K, capacity 9221K, committed 9344K, reserved 1058816K
  class space    used 817K, capacity 840K, committed 896K, reserved 1048576K
}
Event: 1.579 GC heap before
{Heap before GC invocations=1 (full 0):
 garbage-first heap   total 98304K, used 15170K [0x00000000a0000000, 0x0000000100000000)
  region size 1024K, 9 young (9216K), 2 survivors (2048K)
 Metaspace       used 10669K, capacity 10828K, committed 11136K, reserved 1058816K
  class space    used 999K, capacity 1060K, committed 1152K, reserved 1048576K
}
Event: 1.584 GC heap after
{Heap after GC invocations=2 (full 0):
 garbage-first heap   total 98304K, used 8783K [0x00000000a0000000, 0x0000000100000000)
  region size 1024K, 1 young (1024K), 1 survivors (1024K)
 Metaspace       used 10669K, capacity 10828K, committed 11136K, reserved 1058816K
  class space    used 999K, capacity 1060K, committed 1152K, reserved 1048576K
}
Event: 1.809 GC heap before
{Heap before GC invocations=2 (full 0):
 garbage-first heap   total 98304K, used 29263K [0x00000000a0000000, 0x0000000100000000)
  region size 1024K, 22 young (22528K), 1 survivors (1024K)
 Metaspace       used 11978K, capacity 12213K, committed 12288K, reserved 1060864K
  class space    used 1155K, capacity 1225K, committed 1280K, reserved 1048576K
}
Event: 1.818 GC heap after
{Heap after GC invocations=3 (full 0):
 garbage-first heap   total 98304K, used 9115K [0x00000000a0000000, 0x0000000100000000)
  region size 1024K, 1 young (1024K), 1 survivors (1024K)
 Metaspace       used 11978K, capacity 12213K, committed 12288K, reserved 1060864K
  class space    used 1155K, capacity 1225K, committed 1280K, reserved 1048576K
}
Event: 2.188 GC heap before
{Heap before GC invocations=3 (full 0):
 garbage-first heap   total 98304K, used 38811K [0x00000000a0000000, 0x0000000100000000)
  region size 1024K, 31 young (31744K), 1 survivors (1024K)
 Metaspace       used 12279K, capacity 12492K, committed 12544K, reserved 1060864K
  class space    used 1181K, capacity 1233K, committed 1280K, reserved 1048576K
}
Event: 2.254 GC heap after
{Heap after GC invocations=4 (full 0):
 garbage-first heap   total 98304K, used 8946K [0x00000000a0000000, 0x0000000100000000)
  region size 1024K, 1 young (1024K), 1 survivors (1024K)
 Metaspace       used 12279K, capacity 12492K, committed 12544K, reserved 1060864K
  class space    used 1181K, capacity 1233K, committed 1280K, reserved 1048576K
}
Event: 4.466 GC heap before
{Heap before GC invocations=4 (full 0):
 garbage-first heap   total 98304K, used 48882K [0x00000000a0000000, 0x0000000100000000)
  region size 1024K, 40 young (40960K), 1 survivors (1024K)
 Metaspace       used 20410K, capacity 20953K, committed 21248K, reserved 1069056K
  class space    used 2209K, capacity 2435K, committed 2560K, reserved 1048576K
}
Event: 4.471 GC heap after
{Heap after GC invocations=5 (full 0):
 garbage-first heap   total 98304K, used 11013K [0x00000000a0000000, 0x0000000100000000)
  region size 1024K, 3 young (3072K), 3 survivors (3072K)
 Metaspace       used 20410K, capacity 20953K, committed 21248K, reserved 1069056K
  class space    used 2209K, capacity 2435K, committed 2560K, reserved 1048576K
}
Event: 4.494 GC heap before
{Heap before GC invocations=5 (full 0):
 garbage-first heap   total 98304K, used 12037K [0x00000000a0000000, 0x0000000100000000)
  region size 1024K, 5 young (5120K), 3 survivors (3072K)
 Metaspace       used 20584K, capacity 21119K, committed 21248K, reserved 1069056K
  class space    used 2233K, capacity 2469K, committed 2560K, reserved 1048576K
}
Event: 4.499 GC heap after
{Heap after GC invocations=6 (full 0):
 garbage-first heap   total 98304K, used 11105K [0x00000000a0000000, 0x0000000100000000)
  region size 1024K, 3 young (3072K), 3 survivors (3072K)
 Metaspace       used 20584K, capacity 21119K, committed 21248K, reserved 1069056K
  class space    used 2233K, capacity 2469K, committed 2560K, reserved 1048576K
}
Event: 5.408 GC heap before
{Heap before GC invocations=7 (full 0):
 garbage-first heap   total 98304K, used 48993K [0x00000000a0000000, 0x0000000100000000)
  region size 1024K, 41 young (41984K), 3 survivors (3072K)
 Metaspace       used 25137K, capacity 25811K, committed 25984K, reserved 1073152K
  class space    used 2825K, capacity 3097K, committed 3200K, reserved 1048576K
}
Event: 5.416 GC heap after
{Heap after GC invocations=8 (full 0):
 garbage-first heap   total 98304K, used 12247K [0x00000000a0000000, 0x0000000100000000)
  region size 1024K, 4 young (4096K), 4 survivors (4096K)
 Metaspace       used 25137K, capacity 25811K, committed 25984K, reserved 1073152K
  class space    used 2825K, capacity 3097K, committed 3200K, reserved 1048576K
}
Event: 5.794 GC heap before
{Heap before GC invocations=8 (full 0):
 garbage-first heap   total 98304K, used 52183K [0x00000000a0000000, 0x0000000100000000)
  region size 1024K, 44 young (45056K), 4 survivors (4096K)
 Metaspace       used 25973K, capacity 26708K, committed 26752K, reserved 1073152K
  class space    used 2912K, capacity 3181K, committed 3200K, reserved 1048576K
}
Event: 5.806 GC heap after
{Heap after GC invocations=9 (full 0):
 garbage-first heap   total 147456K, used 13004K [0x00000000a0000000, 0x0000000100000000)
  region size 1024K, 3 young (3072K), 3 survivors (3072K)
 Metaspace       used 25973K, capacity 26708K, committed 26752K, reserved 1073152K
  class space    used 2912K, capacity 3181K, committed 3200K, reserved 1048576K
}
Event: 7.916 GC heap before
{Heap before GC invocations=9 (full 0):
 garbage-first heap   total 147456K, used 69324K [0x00000000a0000000, 0x0000000100000000)
  region size 1024K, 58 young (59392K), 3 survivors (3072K)
 Metaspace       used 31105K, capacity 32033K, committed 32128K, reserved 1077248K
  class space    used 3567K, capacity 3890K, committed 3968K, reserved 1048576K
}
Event: 7.922 GC heap after
{Heap after GC invocations=10 (full 0):
 garbage-first heap   total 147456K, used 14858K [0x00000000a0000000, 0x0000000100000000)
  region size 1024K, 4 young (4096K), 4 survivors (4096K)
 Metaspace       used 31105K, capacity 32033K, committed 32128K, reserved 1077248K
  class space    used 3567K, capacity 3890K, committed 3968K, reserved 1048576K
}

